<?xml version="1.0" encoding="UTF-8"?>
<!-- Generated by org.testng.reporters.JUnitReportReporter -->
<testsuite hostname="DESKTOP-F2A90RL" failures="0" tests="3" name="MobWorld.OrderMobiles" time="25.701" errors="0" timestamp="2022-06-17T08:51:02 IST" skipped="0">
  <testcase classname="MobWorld.OrderMobiles" name="Lanching_the_Browser" time="14.155"/>
  <system-out/>
  <testcase classname="MobWorld.OrderMobiles" name="search" time="3.601"/>
  <system-out/>
  <testcase classname="MobWorld.OrderMobiles" name="Order" time="7.945"/>
  <system-out/>
</testsuite> <!-- MobWorld.OrderMobiles -->
