<?xml version="1.0" encoding="UTF-8"?>
<!-- Generated by org.testng.reporters.JUnitReportReporter -->
<testsuite hostname="DESKTOP-F2A90RL" failures="0" tests="2" name="MobWorld.SignInSignUp" time="16.842" errors="0" timestamp="2022-06-17T08:51:02 IST" skipped="0">
  <testcase classname="MobWorld.SignInSignUp" name="Sigup_for_mobiles" time="6.133"/>
  <system-out/>
  <testcase classname="MobWorld.SignInSignUp" name="Lanching_the_Browser" time="10.709"/>
  <system-out/>
</testsuite> <!-- MobWorld.SignInSignUp -->
