<?xml version="1.0" encoding="UTF-8"?>
<!-- Generated by org.testng.reporters.JUnitReportReporter -->
<testsuite hostname="DESKTOP-F2A90RL" failures="0" tests="1" name="MobWorld.Home" time="9.861" errors="0" timestamp="2022-06-17T08:51:02 IST" skipped="0">
  <testcase classname="MobWorld.Home" name="Lanching_the_Browser" time="9.861"/>
  <system-out/>
</testsuite> <!-- MobWorld.Home -->
