<?xml version="1.0" encoding="UTF-8"?>
<!-- Generated by org.testng.reporters.JUnitReportReporter -->
<testsuite hostname="DESKTOP-F2A90RL" failures="0" tests="2" name="MobWorld.ContUs" time="15.371" errors="0" timestamp="2022-06-17T08:51:02 IST" skipped="0">
  <testcase classname="MobWorld.ContUs" name="Lanching_the_Browser" time="11.458"/>
  <system-out/>
  <testcase classname="MobWorld.ContUs" name="contactUs" time="3.913"/>
  <system-out/>
</testsuite> <!-- MobWorld.ContUs -->
